<?xml version="1.0" encoding="UTF-8"?>
<testng-results skipped="0" failed="0" ignored="0" total="0" passed="0">
  <reporter-output>
  </reporter-output>
  <suite name="Amazon Automation Script " duration-ms="4" started-at="2019-05-15T21:42:11Z" finished-at="2019-05-15T21:42:11Z">
    <groups>
    </groups>
    <test name="Amazon Test" duration-ms="4" started-at="2019-05-15T21:42:11Z" finished-at="2019-05-15T21:42:11Z">
    </test> <!-- Amazon Test -->
  </suite> <!-- Amazon Automation Script  -->
</testng-results>
